 Thu Dec 24 08:06:21 2020

 Command: sortmerna --ref /mnt/EFS/dbs/Greengenes_99/99_otus.fasta,/mnt/EFS/dbs/Greengenes_99/99_otus -e 1.0 --aligned /mnt/EFS/user_uploads/7feb884caf8a/outputs/otus_picrust/sortmerna_picked_otus/sortmerna_otus -a 1 --id 0.97 --coverage 0.97 --log --otu_map --reads /mnt/EFS/user_uploads/7feb884caf8a/tmp/SortMeRNAExactMatchFilterbhyXc2.fasta --de_novo_otu -v --best 1 --fastx 
 Process pid = 25018
 Parameters summary:
    Index: /mnt/EFS/dbs/Greengenes_99/99_otus
     Seed length = 18
     Pass 1 = 18, Pass 2 = 9, Pass 3 = 3
     Gumbel lambda = 0.600731
     Gumbel K = 0.328131
     Minimal SW score based on E-value = 65
    Number of seeds = 2
    Edges = 4 (as integer)
    SW match = 2
    SW mismatch = -3
    SW gap open penalty = 5
    SW gap extend penalty = 2
    SW ambiguous nucleotide = -3
    SQ tags are not output
    Number of threads = 16
    Reads file = /mnt/EFS/user_uploads/7feb884caf8a/tmp/SortMeRNAExactMatchFilterbhyXc2.fasta

 Results:
    Total reads = 3197150
    Total reads for de novo clustering = 1844607
    Total reads passing E-value threshold = 3194245 (99.91%)
    Total reads failing E-value threshold = 2905 (0.09%)
    Minimum read length = 35
    Maximum read length = 592
    Mean read length = 411
 By database:
    /mnt/EFS/dbs/Greengenes_99/99_otus.fasta		99.91%
 Total reads passing %id and %coverage thresholds = 1349638
 Total OTUs = 15095
